<?xml version="1.0" encoding="UTF-8"?>
<testng-results skipped="0" failed="0" ignored="0" total="1" passed="1">
  <reporter-output>
  </reporter-output>
  <suite name="Default suite" duration-ms="18812" started-at="2019-05-20T01:30:23Z" finished-at="2019-05-20T01:30:42Z">
    <groups>
    </groups>
    <test name="Default test" duration-ms="18812" started-at="2019-05-20T01:30:23Z" finished-at="2019-05-20T01:30:42Z">
      <class name="com.google.TestScripts.AcceptibleTest">
        <test-method status="PASS" signature="openBrowser()[pri:0, instance:com.google.TestScripts.AcceptibleTest@7ac7a4e4]" name="openBrowser" is-config="true" duration-ms="13761" started-at="2019-05-19T20:30:23Z" finished-at="2019-05-19T20:30:37Z">
          <reporter-output>
          </reporter-output>
        </test-method> <!-- openBrowser -->
        <test-method status="PASS" signature="verifyGoogleSearch()[pri:0, instance:com.google.TestScripts.AcceptibleTest@7ac7a4e4]" name="verifyGoogleSearch" duration-ms="4725" started-at="2019-05-19T20:30:37Z" finished-at="2019-05-19T20:30:41Z">
          <reporter-output>
          </reporter-output>
        </test-method> <!-- verifyGoogleSearch -->
        <test-method status="PASS" signature="closeBroswer()[pri:0, instance:com.google.TestScripts.AcceptibleTest@7ac7a4e4]" name="closeBroswer" is-config="true" duration-ms="262" started-at="2019-05-19T20:30:41Z" finished-at="2019-05-19T20:30:42Z">
          <reporter-output>
          </reporter-output>
        </test-method> <!-- closeBroswer -->
      </class> <!-- com.google.TestScripts.AcceptibleTest -->
    </test> <!-- Default test -->
  </suite> <!-- Default suite -->
</testng-results>
